<?xml version="1.0" encoding="UTF-8"?>
<testng-results skipped="0" failed="1" ignored="0" total="4" passed="3">
  <reporter-output>
  </reporter-output>
  <suite name="Suite" duration-ms="23693" started-at="2021-06-04T08:52:16Z" finished-at="2021-06-04T08:52:40Z">
    <groups>
    </groups>
    <test name="Test2" duration-ms="16436" started-at="2021-06-04T08:52:16Z" finished-at="2021-06-04T08:52:33Z">
      <class name="Academy.E2EProject3.ValidatePage">
        <test-method status="PASS" signature="initialize()[pri:0, instance:Academy.E2EProject3.ValidatePage@6f27a732]" name="initialize" is-config="true" duration-ms="11836" started-at="2021-06-04T08:52:16Z" finished-at="2021-06-04T08:52:28Z">
          <reporter-output>
          </reporter-output>
        </test-method> <!-- initialize -->
        <test-method status="PASS" signature="rightNavBarValidation()[pri:1, instance:Academy.E2EProject3.ValidatePage@6f27a732]" name="rightNavBarValidation" duration-ms="1166" started-at="2021-06-04T08:52:28Z" finished-at="2021-06-04T08:52:29Z">
          <reporter-output>
          </reporter-output>
        </test-method> <!-- rightNavBarValidation -->
        <test-method status="FAIL" signature="centerTextCheck()[pri:2, instance:Academy.E2EProject3.ValidatePage@6f27a732]" name="centerTextCheck" duration-ms="62" started-at="2021-06-04T08:52:29Z" finished-at="2021-06-04T08:52:29Z">
          <exception class="java.lang.AssertionError">
            <message>
              <![CDATA[expected [FEATURED COURSES9] but found [FEATURED COURSES]]]>
            </message>
            <full-stacktrace>
              <![CDATA[java.lang.AssertionError: expected [FEATURED COURSES9] but found [FEATURED COURSES]
at org.testng.Assert.fail(Assert.java:96)
at org.testng.Assert.failNotEquals(Assert.java:776)
at org.testng.Assert.assertEqualsImpl(Assert.java:137)
at org.testng.Assert.assertEquals(Assert.java:118)
at org.testng.Assert.assertEquals(Assert.java:453)
at org.testng.Assert.assertEquals(Assert.java:463)
at Academy.E2EProject3.ValidatePage.centerTextCheck(ValidatePage.java:34)
at sun.reflect.NativeMethodAccessorImpl.invoke0(Native Method)
at sun.reflect.NativeMethodAccessorImpl.invoke(NativeMethodAccessorImpl.java:62)
at sun.reflect.DelegatingMethodAccessorImpl.invoke(DelegatingMethodAccessorImpl.java:43)
at java.lang.reflect.Method.invoke(Method.java:498)
at org.testng.internal.MethodInvocationHelper.invokeMethod(MethodInvocationHelper.java:124)
at org.testng.internal.Invoker.invokeMethod(Invoker.java:583)
at org.testng.internal.Invoker.invokeTestMethod(Invoker.java:719)
at org.testng.internal.Invoker.invokeTestMethods(Invoker.java:989)
at org.testng.internal.TestMethodWorker.invokeTestMethods(TestMethodWorker.java:125)
at org.testng.internal.TestMethodWorker.run(TestMethodWorker.java:109)
at org.testng.TestRunner.privateRun(TestRunner.java:648)
at org.testng.TestRunner.run(TestRunner.java:505)
at org.testng.SuiteRunner.runTest(SuiteRunner.java:455)
at org.testng.SuiteRunner.access$000(SuiteRunner.java:40)
at org.testng.SuiteRunner$SuiteWorker.run(SuiteRunner.java:489)
at org.testng.internal.thread.ThreadUtil$1.call(ThreadUtil.java:52)
at java.util.concurrent.FutureTask.run(FutureTask.java:266)
at java.util.concurrent.ThreadPoolExecutor.runWorker(ThreadPoolExecutor.java:1149)
at java.util.concurrent.ThreadPoolExecutor$Worker.run(ThreadPoolExecutor.java:624)
at java.lang.Thread.run(Thread.java:748)
]]>
            </full-stacktrace>
          </exception> <!-- java.lang.AssertionError -->
          <reporter-output>
          </reporter-output>
        </test-method> <!-- centerTextCheck -->
        <test-method status="PASS" signature="teardown()[pri:0, instance:Academy.E2EProject3.ValidatePage@6f27a732]" name="teardown" is-config="true" duration-ms="1581" started-at="2021-06-04T08:52:31Z" finished-at="2021-06-04T08:52:33Z">
          <reporter-output>
          </reporter-output>
        </test-method> <!-- teardown -->
      </class> <!-- Academy.E2EProject3.ValidatePage -->
    </test> <!-- Test2 -->
    <test name="Test1" duration-ms="23693" started-at="2021-06-04T08:52:16Z" finished-at="2021-06-04T08:52:40Z">
      <class name="Academy.E2EProject3.HomePage">
        <test-method status="PASS" signature="initialize()[pri:0, instance:Academy.E2EProject3.HomePage@45ca843]" name="initialize" is-config="true" duration-ms="4539" started-at="2021-06-04T08:52:16Z" finished-at="2021-06-04T08:52:21Z">
          <reporter-output>
          </reporter-output>
        </test-method> <!-- initialize -->
        <test-method status="PASS" signature="loginMultiple(java.lang.String, java.lang.String, java.lang.String)[pri:0, instance:Academy.E2EProject3.HomePage@45ca843]" name="loginMultiple" duration-ms="15179" started-at="2021-06-04T08:52:21Z" data-provider="getData" finished-at="2021-06-04T08:52:36Z">
          <params>
            <param index="0">
              <value>
                <![CDATA[restricteduser@qc.com]]>
              </value>
            </param>
            <param index="1">
              <value>
                <![CDATA[restricted21]]>
              </value>
            </param>
            <param index="2">
              <value>
                <![CDATA[restricted-user]]>
              </value>
            </param>
          </params>
          <reporter-output>
          </reporter-output>
        </test-method> <!-- loginMultiple -->
        <test-method status="PASS" signature="loginMultiple(java.lang.String, java.lang.String, java.lang.String)[pri:0, instance:Academy.E2EProject3.HomePage@45ca843]" name="loginMultiple" duration-ms="3454" started-at="2021-06-04T08:52:36Z" data-provider="getData" finished-at="2021-06-04T08:52:40Z">
          <params>
            <param index="0">
              <value>
                <![CDATA[non-restricteduser@qc.com]]>
              </value>
            </param>
            <param index="1">
              <value>
                <![CDATA[non-restricted21]]>
              </value>
            </param>
            <param index="2">
              <value>
                <![CDATA[non-restricted-user]]>
              </value>
            </param>
          </params>
          <reporter-output>
          </reporter-output>
        </test-method> <!-- loginMultiple -->
        <test-method status="PASS" signature="teardown()[pri:0, instance:Academy.E2EProject3.HomePage@45ca843]" name="teardown" is-config="true" duration-ms="478" started-at="2021-06-04T08:52:40Z" finished-at="2021-06-04T08:52:40Z">
          <reporter-output>
          </reporter-output>
        </test-method> <!-- teardown -->
      </class> <!-- Academy.E2EProject3.HomePage -->
    </test> <!-- Test1 -->
  </suite> <!-- Suite -->
</testng-results>
